<?xml version="1.0" encoding="UTF-8"?>
<!-- Generated by org.testng.reporters.JUnitReportReporter -->
<testsuite name="testClasses.Aria.VerificationObject" tests="5" time="77.994" ignored="0" failures="0" timestamp="10 Apr 2017 11:15:12 GMT" skipped="0" hostname="STIPLGGNL044" errors="0">
  <testcase name="Verify_value_AccountsACV" time="5.556" classname="testClasses.Aria.VerificationObject"/>
  <testcase name="Verify_Login_in_Salesforce" time="26.562" classname="testClasses.Aria.VerificationObject"/>
  <testcase name="Verify_value_AccountsTCV" time="2.862" classname="testClasses.Aria.VerificationObject"/>
  <testcase name="Verify_value_AccountsARR" time="2.805" classname="testClasses.Aria.VerificationObject"/>
  <testcase name="Verify_value_AccountsMRR" time="40.209" classname="testClasses.Aria.VerificationObject"/>
</testsuite> <!-- testClasses.Aria.VerificationObject -->
