<?xml version="1.0" encoding="UTF-8"?>
<!-- Generated by org.testng.reporters.JUnitReportReporter -->
<testsuite name="testClasses.Aria.Verify_UserisabletoCommitOpportunity" tests="7" time="374.026" ignored="0" failures="0" timestamp="20 Apr 2017 07:44:23 GMT" skipped="0" hostname="STIPLGGNL044" errors="0">
  <testcase name="Create_New_Opportunity" time="18.955" classname="testClasses.Aria.Verify_UserisabletoCommitOpportunity"/>
  <testcase name="Verify_Login_in_Salesforce" time="72.962" classname="testClasses.Aria.Verify_UserisabletoCommitOpportunity"/>
  <testcase name="Add_Plan_Opportunity" time="23.619" classname="testClasses.Aria.Verify_UserisabletoCommitOpportunity"/>
  <testcase name="Plan_selection" time="68.153" classname="testClasses.Aria.Verify_UserisabletoCommitOpportunity"/>
  <testcase name="Create_New_Account" time="43.967" classname="testClasses.Aria.Verify_UserisabletoCommitOpportunity"/>
  <testcase name="Add_BillingGroups" time="11.391" classname="testClasses.Aria.Verify_UserisabletoCommitOpportunity"/>
  <testcase name="midplan" time="134.979" classname="testClasses.Aria.Verify_UserisabletoCommitOpportunity"/>
</testsuite> <!-- testClasses.Aria.Verify_UserisabletoCommitOpportunity -->
